2022/02/19 03:03:54 [emerg] 1#1: cannot load certificate "/etc/nginx/ssl/cert.pem": BIO_new_file() failed (SSL: error:02001002:system library:fopen:No such file or directory:fopen('/etc/nginx/ssl/cert.pem','r') error:2006D080:BIO routines:BIO_new_file:no such file)
2022/02/19 03:03:56 [emerg] 1#1: cannot load certificate "/etc/nginx/ssl/cert.pem": BIO_new_file() failed (SSL: error:02001002:system library:fopen:No such file or directory:fopen('/etc/nginx/ssl/cert.pem','r') error:2006D080:BIO routines:BIO_new_file:no such file)
2022/02/19 03:03:57 [emerg] 1#1: cannot load certificate "/etc/nginx/ssl/cert.pem": BIO_new_file() failed (SSL: error:02001002:system library:fopen:No such file or directory:fopen('/etc/nginx/ssl/cert.pem','r') error:2006D080:BIO routines:BIO_new_file:no such file)
2022/02/19 03:03:59 [emerg] 1#1: cannot load certificate "/etc/nginx/ssl/cert.pem": BIO_new_file() failed (SSL: error:02001002:system library:fopen:No such file or directory:fopen('/etc/nginx/ssl/cert.pem','r') error:2006D080:BIO routines:BIO_new_file:no such file)
2022/02/19 03:04:01 [emerg] 1#1: cannot load certificate "/etc/nginx/ssl/cert.pem": BIO_new_file() failed (SSL: error:02001002:system library:fopen:No such file or directory:fopen('/etc/nginx/ssl/cert.pem','r') error:2006D080:BIO routines:BIO_new_file:no such file)
2022/02/19 03:04:04 [emerg] 1#1: cannot load certificate "/etc/nginx/ssl/cert.pem": BIO_new_file() failed (SSL: error:02001002:system library:fopen:No such file or directory:fopen('/etc/nginx/ssl/cert.pem','r') error:2006D080:BIO routines:BIO_new_file:no such file)
2022/02/19 03:04:09 [emerg] 1#1: cannot load certificate "/etc/nginx/ssl/cert.pem": BIO_new_file() failed (SSL: error:02001002:system library:fopen:No such file or directory:fopen('/etc/nginx/ssl/cert.pem','r') error:2006D080:BIO routines:BIO_new_file:no such file)
2022/02/19 03:04:17 [emerg] 1#1: cannot load certificate "/etc/nginx/ssl/cert.pem": BIO_new_file() failed (SSL: error:02001002:system library:fopen:No such file or directory:fopen('/etc/nginx/ssl/cert.pem','r') error:2006D080:BIO routines:BIO_new_file:no such file)
2022/02/19 03:04:31 [emerg] 1#1: cannot load certificate "/etc/nginx/ssl/cert.pem": BIO_new_file() failed (SSL: error:02001002:system library:fopen:No such file or directory:fopen('/etc/nginx/ssl/cert.pem','r') error:2006D080:BIO routines:BIO_new_file:no such file)
2022/02/19 03:04:58 [emerg] 1#1: cannot load certificate "/etc/nginx/ssl/cert.pem": BIO_new_file() failed (SSL: error:02001002:system library:fopen:No such file or directory:fopen('/etc/nginx/ssl/cert.pem','r') error:2006D080:BIO routines:BIO_new_file:no such file)
2022/02/19 03:05:38 [notice] 1#1: using the "epoll" event method
2022/02/19 03:05:38 [notice] 1#1: nginx/1.21.6
2022/02/19 03:05:38 [notice] 1#1: built by gcc 10.3.1 20211027 (Alpine 10.3.1_git20211027) 
2022/02/19 03:05:38 [notice] 1#1: OS: Linux 5.4.0-99-generic
2022/02/19 03:05:38 [notice] 1#1: getrlimit(RLIMIT_NOFILE): 1048576:1048576
2022/02/19 03:05:38 [notice] 1#1: start worker processes
2022/02/19 03:05:38 [notice] 1#1: start worker process 22
2022/02/19 03:05:38 [notice] 1#1: start worker process 23
2022/02/19 03:05:38 [notice] 1#1: start worker process 24
2022/02/19 03:05:38 [notice] 1#1: start worker process 25
2022/02/19 03:57:02 [notice] 1#1: signal 3 (SIGQUIT) received, shutting down
2022/02/19 03:57:02 [notice] 22#22: gracefully shutting down
2022/02/19 03:57:02 [notice] 25#25: gracefully shutting down
2022/02/19 03:57:02 [notice] 22#22: exiting
2022/02/19 03:57:02 [notice] 25#25: exiting
2022/02/19 03:57:02 [notice] 23#23: gracefully shutting down
2022/02/19 03:57:02 [notice] 23#23: exiting
2022/02/19 03:57:02 [notice] 24#24: gracefully shutting down
2022/02/19 03:57:02 [notice] 24#24: exiting
2022/02/19 03:57:02 [notice] 23#23: exit
2022/02/19 03:57:02 [notice] 22#22: exit
2022/02/19 03:57:02 [notice] 25#25: exit
2022/02/19 03:57:02 [notice] 24#24: exit
2022/02/19 03:57:02 [notice] 1#1: signal 17 (SIGCHLD) received from 23
2022/02/19 03:57:02 [notice] 1#1: worker process 23 exited with code 0
2022/02/19 03:57:02 [notice] 1#1: signal 29 (SIGIO) received
2022/02/19 03:57:02 [notice] 1#1: signal 17 (SIGCHLD) received from 22
2022/02/19 03:57:02 [notice] 1#1: worker process 22 exited with code 0
2022/02/19 03:57:02 [notice] 1#1: worker process 24 exited with code 0
2022/02/19 03:57:02 [notice] 1#1: signal 29 (SIGIO) received
2022/02/19 03:57:02 [notice] 1#1: signal 17 (SIGCHLD) received from 25
2022/02/19 03:57:02 [notice] 1#1: worker process 25 exited with code 0
2022/02/19 03:57:02 [notice] 1#1: exit
2022/02/19 11:26:17 [notice] 1#1: using the "epoll" event method
2022/02/19 11:26:17 [notice] 1#1: nginx/1.21.6
2022/02/19 11:26:17 [notice] 1#1: built by gcc 10.3.1 20211027 (Alpine 10.3.1_git20211027) 
2022/02/19 11:26:17 [notice] 1#1: OS: Linux 5.4.0-99-generic
2022/02/19 11:26:17 [notice] 1#1: getrlimit(RLIMIT_NOFILE): 1048576:1048576
2022/02/19 11:26:17 [notice] 1#1: start worker processes
2022/02/19 11:26:17 [notice] 1#1: start worker process 22
2022/02/19 11:26:17 [notice] 1#1: start worker process 23
2022/02/19 11:26:17 [notice] 1#1: start worker process 24
2022/02/19 11:26:17 [notice] 1#1: start worker process 25
